2023-11-07 13:37:21,784:WARNING:
'cuml' is a soft dependency and not included in the pycaret installation. Please run: `pip install cuml` to install.
2023-11-07 13:37:21,784:WARNING:
'cuml' is a soft dependency and not included in the pycaret installation. Please run: `pip install cuml` to install.
2023-11-07 13:37:21,784:WARNING:
'cuml' is a soft dependency and not included in the pycaret installation. Please run: `pip install cuml` to install.
2023-11-07 13:37:21,784:WARNING:
'cuml' is a soft dependency and not included in the pycaret installation. Please run: `pip install cuml` to install.
2023-11-07 13:37:57,671:INFO:PyCaret ClusteringExperiment
2023-11-07 13:37:57,671:INFO:Logging name: cluster-default-name
2023-11-07 13:37:57,671:INFO:ML Usecase: MLUsecase.CLUSTERING
2023-11-07 13:37:57,671:INFO:version 3.1.0
2023-11-07 13:37:57,671:INFO:Initializing setup()
2023-11-07 13:37:57,671:INFO:self.USI: 2722
2023-11-07 13:37:57,671:INFO:self._variable_keys: {'memory', 'exp_name_log', 'n_jobs_param', 'logging_param', 'data', '_ml_usecase', 'exp_id', 'html_param', 'gpu_n_jobs_param', '_available_plots', 'log_plots_param', 'seed', 'idx', 'X', 'pipeline', 'gpu_param', 'USI'}
2023-11-07 13:37:57,671:INFO:Checking environment
2023-11-07 13:37:57,671:INFO:python_version: 3.9.13
2023-11-07 13:37:57,671:INFO:python_build: ('main', 'Aug 25 2022 23:51:50')
2023-11-07 13:37:57,671:INFO:machine: AMD64
2023-11-07 13:37:57,671:INFO:platform: Windows-10-10.0.22621-SP0
2023-11-07 13:37:57,671:INFO:Memory: svmem(total=8356814848, available=1099489280, percent=86.8, used=7257325568, free=1099489280)
2023-11-07 13:37:57,671:INFO:Physical Core: 4
2023-11-07 13:37:57,671:INFO:Logical Core: 8
2023-11-07 13:37:57,671:INFO:Checking libraries
2023-11-07 13:37:57,671:INFO:System:
2023-11-07 13:37:57,671:INFO:    python: 3.9.13 (main, Aug 25 2022, 23:51:50) [MSC v.1916 64 bit (AMD64)]
2023-11-07 13:37:57,671:INFO:executable: C:\ProgramData\Anaconda3\python.exe
2023-11-07 13:37:57,671:INFO:   machine: Windows-10-10.0.22621-SP0
2023-11-07 13:37:57,671:INFO:PyCaret required dependencies:
2023-11-07 13:37:57,961:INFO:                 pip: 22.2.2
2023-11-07 13:37:57,961:INFO:          setuptools: 63.4.1
2023-11-07 13:37:57,961:INFO:             pycaret: 3.1.0
2023-11-07 13:37:57,961:INFO:             IPython: 7.31.1
2023-11-07 13:37:57,961:INFO:          ipywidgets: 7.6.5
2023-11-07 13:37:57,961:INFO:                tqdm: 4.64.1
2023-11-07 13:37:57,961:INFO:               numpy: 1.21.5
2023-11-07 13:37:57,961:INFO:              pandas: 1.4.4
2023-11-07 13:37:57,961:INFO:              jinja2: 2.11.3
2023-11-07 13:37:57,961:INFO:               scipy: 1.10.1
2023-11-07 13:37:57,961:INFO:              joblib: 1.1.0
2023-11-07 13:37:57,961:INFO:             sklearn: 1.2.2
2023-11-07 13:37:57,961:INFO:                pyod: 1.1.1
2023-11-07 13:37:57,961:INFO:            imblearn: 0.11.0
2023-11-07 13:37:57,961:INFO:   category_encoders: 2.6.3
2023-11-07 13:37:57,961:INFO:            lightgbm: 4.0.0
2023-11-07 13:37:57,961:INFO:               numba: 0.55.1
2023-11-07 13:37:57,961:INFO:            requests: 2.28.1
2023-11-07 13:37:57,961:INFO:          matplotlib: 3.5.2
2023-11-07 13:37:57,961:INFO:          scikitplot: 0.3.7
2023-11-07 13:37:57,961:INFO:         yellowbrick: 1.5
2023-11-07 13:37:57,961:INFO:              plotly: 5.9.0
2023-11-07 13:37:57,961:INFO:    plotly-resampler: Not installed
2023-11-07 13:37:57,961:INFO:             kaleido: 0.2.1
2023-11-07 13:37:57,961:INFO:           schemdraw: 0.15
2023-11-07 13:37:57,961:INFO:         statsmodels: 0.13.2
2023-11-07 13:37:57,961:INFO:              sktime: 0.21.1
2023-11-07 13:37:57,961:INFO:               tbats: 1.1.3
2023-11-07 13:37:57,961:INFO:            pmdarima: 2.0.4
2023-11-07 13:37:57,961:INFO:              psutil: 5.9.0
2023-11-07 13:37:57,961:INFO:          markupsafe: 2.0.1
2023-11-07 13:37:57,961:INFO:             pickle5: Not installed
2023-11-07 13:37:57,961:INFO:         cloudpickle: 2.0.0
2023-11-07 13:37:57,961:INFO:         deprecation: 2.1.0
2023-11-07 13:37:57,961:INFO:              xxhash: 3.4.1
2023-11-07 13:37:57,961:INFO:           wurlitzer: Not installed
2023-11-07 13:37:57,961:INFO:PyCaret optional dependencies:
2023-11-07 13:37:57,977:INFO:                shap: Not installed
2023-11-07 13:37:57,977:INFO:           interpret: Not installed
2023-11-07 13:37:57,977:INFO:                umap: Not installed
2023-11-07 13:37:57,977:INFO:     ydata_profiling: 4.6.1
2023-11-07 13:37:57,977:INFO:  explainerdashboard: Not installed
2023-11-07 13:37:57,977:INFO:             autoviz: Not installed
2023-11-07 13:37:57,977:INFO:           fairlearn: Not installed
2023-11-07 13:37:57,977:INFO:          deepchecks: Not installed
2023-11-07 13:37:57,977:INFO:             xgboost: 1.7.6
2023-11-07 13:37:57,977:INFO:            catboost: 1.2
2023-11-07 13:37:57,977:INFO:              kmodes: Not installed
2023-11-07 13:37:57,977:INFO:             mlxtend: Not installed
2023-11-07 13:37:57,977:INFO:       statsforecast: Not installed
2023-11-07 13:37:57,977:INFO:        tune_sklearn: Not installed
2023-11-07 13:37:57,977:INFO:                 ray: Not installed
2023-11-07 13:37:57,977:INFO:            hyperopt: Not installed
2023-11-07 13:37:57,977:INFO:              optuna: Not installed
2023-11-07 13:37:57,977:INFO:               skopt: Not installed
2023-11-07 13:37:57,977:INFO:              mlflow: Not installed
2023-11-07 13:37:57,977:INFO:              gradio: Not installed
2023-11-07 13:37:57,977:INFO:             fastapi: Not installed
2023-11-07 13:37:57,977:INFO:             uvicorn: Not installed
2023-11-07 13:37:57,977:INFO:              m2cgen: Not installed
2023-11-07 13:37:57,977:INFO:           evidently: Not installed
2023-11-07 13:37:57,977:INFO:               fugue: Not installed
2023-11-07 13:37:57,977:INFO:           streamlit: Not installed
2023-11-07 13:37:57,977:INFO:             prophet: 1.1.5
2023-11-07 13:37:57,977:INFO:None
2023-11-07 13:37:57,977:INFO:Set up data.
2023-11-07 13:37:57,993:INFO:Set up index.
2023-11-07 13:37:57,993:INFO:Assigning column types.
2023-11-07 13:37:57,993:INFO:Engine successfully changes for model 'kmeans' to 'sklearn'.
2023-11-07 13:37:57,993:INFO:Engine for model 'dbscan' has not been set explicitly, hence returning None.
2023-11-07 13:37:57,993:WARNING:
'kmodes' is a soft dependency and not included in the pycaret installation. Please run: `pip install kmodes` to install.
Alternately, you can install this by running `pip install pycaret[models]`
2023-11-07 13:37:57,993:INFO:Engine for model 'dbscan' has not been set explicitly, hence returning None.
2023-11-07 13:37:57,993:WARNING:
'kmodes' is a soft dependency and not included in the pycaret installation. Please run: `pip install kmodes` to install.
Alternately, you can install this by running `pip install pycaret[models]`
2023-11-07 13:37:57,993:INFO:Engine successfully changes for model 'dbscan' to 'sklearn'.
2023-11-07 13:37:57,993:WARNING:
'kmodes' is a soft dependency and not included in the pycaret installation. Please run: `pip install kmodes` to install.
Alternately, you can install this by running `pip install pycaret[models]`
2023-11-07 13:37:57,993:WARNING:
'kmodes' is a soft dependency and not included in the pycaret installation. Please run: `pip install kmodes` to install.
Alternately, you can install this by running `pip install pycaret[models]`
2023-11-07 13:37:57,993:INFO:Preparing preprocessing pipeline...
2023-11-07 13:37:57,993:INFO:Set up simple imputation.
2023-11-07 13:37:58,008:INFO:Set up encoding of ordinal features.
2023-11-07 13:37:58,008:INFO:Set up encoding of categorical features.
